{"timestamp":"2026-03-27T11:32:44.014Z","level":"info","message":"mongodb_connected","metadata":{}}
{"timestamp":"2026-03-27T11:32:44.041Z","level":"info","message":"server_started","metadata":{"port":5000}}
{"timestamp":"2026-03-27T13:00:45.484Z","level":"info","message":"mongodb_connected","metadata":{}}
{"timestamp":"2026-03-27T13:00:45.516Z","level":"info","message":"server_started","metadata":{"port":5000}}
{"timestamp":"2026-03-27T13:03:14.733Z","level":"info","message":"mongodb_connected","metadata":{}}
{"timestamp":"2026-03-27T13:03:14.746Z","level":"info","message":"server_started","metadata":{"port":5000}}
{"timestamp":"2026-03-27T13:32:56.019Z","level":"info","message":"mongodb_connected","metadata":{}}
{"timestamp":"2026-03-27T13:32:56.053Z","level":"info","message":"server_started","metadata":{"port":5000}}
{"timestamp":"2026-03-28T22:50:30.914Z","level":"info","message":"mongodb_connected","metadata":{}}
{"timestamp":"2026-03-28T22:50:30.948Z","level":"info","message":"server_started","metadata":{"port":5000}}
{"timestamp":"2026-03-29T06:21:27.671Z","level":"info","message":"mongodb_connected","metadata":{}}
{"timestamp":"2026-03-29T06:21:27.684Z","level":"info","message":"server_started","metadata":{"port":5000}}
{"timestamp":"2026-03-29T06:59:17.364Z","level":"info","message":"mongodb_connected","metadata":{}}
{"timestamp":"2026-03-29T06:59:17.381Z","level":"info","message":"server_started","metadata":{"port":5000}}
{"timestamp":"2026-03-29T07:09:25.542Z","level":"info","message":"mongodb_connected","metadata":{}}
{"timestamp":"2026-03-29T07:09:25.556Z","level":"info","message":"server_started","metadata":{"port":5000}}
{"timestamp":"2026-03-30T09:18:45.698Z","level":"info","message":"mongodb_connected","metadata":{}}
{"timestamp":"2026-03-30T09:18:45.720Z","level":"info","message":"server_started","metadata":{"port":5000}}
{"timestamp":"2026-04-04T06:24:22.395Z","level":"info","message":"mongodb_connected","metadata":{}}
{"timestamp":"2026-04-04T06:24:22.415Z","level":"info","message":"server_started","metadata":{"port":5000}}
{"timestamp":"2026-04-04T06:35:28.716Z","level":"info","message":"audit:admin.update_user","metadata":{"entityType":"user","entityId":"69ca4992e0cbab4462022a71","status":"success","actorEmail":"shibchandan11@gmail.com"}}
{"timestamp":"2026-04-04T06:46:03.164Z","level":"info","message":"audit:admin.update_user","metadata":{"entityType":"user","entityId":"69ca4992e0cbab4462022a71","status":"success","actorEmail":"shibchandan04@gmail.com"}}
{"timestamp":"2026-04-04T06:46:30.725Z","level":"info","message":"mongodb_connected","metadata":{}}
{"timestamp":"2026-04-04T06:46:30.750Z","level":"info","message":"server_started","metadata":{"port":5000}}
{"timestamp":"2026-04-04T07:02:46.060Z","level":"info","message":"mongodb_connected","metadata":{}}
{"timestamp":"2026-04-04T07:02:46.092Z","level":"info","message":"server_started","metadata":{"port":5000}}
{"timestamp":"2026-04-04T07:06:52.946Z","level":"info","message":"mongodb_connected","metadata":{}}
{"timestamp":"2026-04-04T07:06:52.960Z","level":"info","message":"server_started","metadata":{"port":5000}}
{"timestamp":"2026-04-04T07:12:56.333Z","level":"info","message":"mongodb_connected","metadata":{}}
{"timestamp":"2026-04-04T07:12:56.345Z","level":"info","message":"server_started","metadata":{"port":5000}}
{"timestamp":"2026-04-04T07:22:59.257Z","level":"info","message":"mongodb_connected","metadata":{}}
{"timestamp":"2026-04-04T07:22:59.270Z","level":"info","message":"server_started","metadata":{"port":5000}}
{"timestamp":"2026-04-04T07:32:22.157Z","level":"info","message":"mongodb_connected","metadata":{}}
{"timestamp":"2026-04-04T07:32:22.169Z","level":"info","message":"server_started","metadata":{"port":5000}}
{"timestamp":"2026-04-04T07:39:23.426Z","level":"info","message":"server_started","metadata":{"port":5000}}
{"timestamp":"2026-04-04T07:39:23.413Z","level":"info","message":"mongodb_connected","metadata":{}}
{"timestamp":"2026-04-04T07:44:11.486Z","level":"info","message":"mongodb_connected","metadata":{}}
{"timestamp":"2026-04-04T07:44:11.500Z","level":"info","message":"server_started","metadata":{"port":5000}}
{"timestamp":"2026-04-04T07:52:05.223Z","level":"info","message":"mongodb_connected","metadata":{}}
{"timestamp":"2026-04-04T07:52:05.238Z","level":"info","message":"server_started","metadata":{"port":5000}}
{"timestamp":"2026-04-04T08:04:50.195Z","level":"info","message":"mongodb_connected","metadata":{}}
{"timestamp":"2026-04-04T08:04:50.208Z","level":"info","message":"server_started","metadata":{"port":5000}}
{"timestamp":"2026-04-04T08:42:43.050Z","level":"info","message":"mongodb_connected","metadata":{}}
{"timestamp":"2026-04-04T08:42:43.078Z","level":"info","message":"server_started","metadata":{"port":5000}}
{"timestamp":"2026-04-04T08:44:52.004Z","level":"info","message":"audit:admin.approve_college_request","metadata":{"entityType":"college_request","entityId":"69d0cf64a3dce492c8580cda","status":"success","actorEmail":"shibchandan11@gmail.com"}}
{"timestamp":"2026-04-04T09:54:02.998Z","level":"info","message":"mongodb_connected","metadata":{}}
{"timestamp":"2026-04-04T09:54:03.013Z","level":"info","message":"server_started","metadata":{"port":5000}}
{"timestamp":"2026-04-17T16:58:44.033Z","level":"info","message":"mongodb_connected","metadata":{}}
{"timestamp":"2026-04-17T16:58:44.050Z","level":"info","message":"server_started","metadata":{"port":5000}}
{"timestamp":"2026-04-17T16:58:46.893Z","level":"info","message":"mongodb_connected","metadata":{}}
{"timestamp":"2026-04-17T16:58:46.906Z","level":"info","message":"server_started","metadata":{"port":5000}}
{"timestamp":"2026-04-17T17:11:07.762Z","level":"info","message":"mongodb_connected","metadata":{}}
{"timestamp":"2026-04-17T17:11:07.783Z","level":"info","message":"server_started","metadata":{"port":5000}}
{"timestamp":"2026-04-24T23:28:52.861Z","level":"info","message":"mongodb_connected","metadata":{}}
{"timestamp":"2026-04-24T23:28:52.879Z","level":"info","message":"server_started","metadata":{"port":5000}}
{"timestamp":"2026-04-24T23:29:26.946Z","level":"info","message":"mongodb_connected","metadata":{}}
{"timestamp":"2026-04-24T23:29:26.961Z","level":"info","message":"server_started","metadata":{"port":5000}}
{"timestamp":"2026-04-24T23:29:46.691Z","level":"info","message":"mongodb_connected","metadata":{}}
{"timestamp":"2026-04-24T23:29:46.706Z","level":"info","message":"server_started","metadata":{"port":5000}}
{"timestamp":"2026-04-25T00:20:10.771Z","level":"info","message":"audit:admin.update_user","metadata":{"entityType":"user","entityId":"69ec077a5d09c5da64e4826a","status":"success","actorEmail":"qa.admin.20260425@example.com"}}
{"timestamp":"2026-04-25T00:23:20.736Z","level":"info","message":"audit:admin.update_user","metadata":{"entityType":"user","entityId":"69ec078a027dbe10c1e2eec3","status":"success","actorEmail":"shibchandan11@gmail.com"}}
{"timestamp":"2026-04-25T00:23:36.780Z","level":"info","message":"audit:admin.update_user","metadata":{"entityType":"user","entityId":"69ec078a027dbe10c1e2eec3","status":"success","actorEmail":"shibchandan11@gmail.com"}}
{"timestamp":"2026-04-25T00:23:43.076Z","level":"info","message":"audit:admin.update_user","metadata":{"entityType":"user","entityId":"69ec078a027dbe10c1e2eec3","status":"success","actorEmail":"shibchandan11@gmail.com"}}
{"timestamp":"2026-04-25T00:23:48.205Z","level":"info","message":"audit:admin.update_user","metadata":{"entityType":"user","entityId":"69ec078a027dbe10c1e2eec3","status":"success","actorEmail":"shibchandan11@gmail.com"}}
{"timestamp":"2026-04-25T00:24:01.234Z","level":"info","message":"audit:admin.update_user","metadata":{"entityType":"user","entityId":"69ec077a5d09c5da64e4826a","status":"success","actorEmail":"shibchandan11@gmail.com"}}
{"timestamp":"2026-04-25T00:24:07.273Z","level":"info","message":"audit:admin.update_user","metadata":{"entityType":"user","entityId":"69ec077a5d09c5da64e4826c","status":"success","actorEmail":"shibchandan11@gmail.com"}}
{"timestamp":"2026-04-25T00:24:11.625Z","level":"info","message":"audit:admin.update_user","metadata":{"entityType":"user","entityId":"69ec078a027dbe10c1e2eec3","status":"success","actorEmail":"shibchandan11@gmail.com"}}
{"timestamp":"2026-04-25T00:24:16.920Z","level":"info","message":"audit:admin.update_user","metadata":{"entityType":"user","entityId":"69ec078a027dbe10c1e2eec3","status":"success","actorEmail":"shibchandan11@gmail.com"}}
{"timestamp":"2026-04-25T00:24:21.083Z","level":"info","message":"audit:admin.update_user","metadata":{"entityType":"user","entityId":"69ec078a027dbe10c1e2eec3","status":"success","actorEmail":"shibchandan11@gmail.com"}}
{"timestamp":"2026-04-25T00:24:26.719Z","level":"info","message":"audit:admin.update_user","metadata":{"entityType":"user","entityId":"69ec078a027dbe10c1e2eec3","status":"success","actorEmail":"shibchandan11@gmail.com"}}
{"timestamp":"2026-04-25T00:24:41.994Z","level":"info","message":"audit:admin.update_user","metadata":{"entityType":"user","entityId":"69ec078a027dbe10c1e2eec3","status":"success","actorEmail":"shibchandan11@gmail.com"}}
{"timestamp":"2026-04-25T00:24:45.994Z","level":"info","message":"audit:admin.update_user","metadata":{"entityType":"user","entityId":"69ec078a027dbe10c1e2eec3","status":"success","actorEmail":"shibchandan11@gmail.com"}}
{"timestamp":"2026-04-25T00:24:50.500Z","level":"info","message":"audit:admin.update_user","metadata":{"entityType":"user","entityId":"69ec078a027dbe10c1e2eec3","status":"success","actorEmail":"shibchandan11@gmail.com"}}
{"timestamp":"2026-04-25T00:24:54.648Z","level":"info","message":"audit:admin.update_user","metadata":{"entityType":"user","entityId":"69ec078a027dbe10c1e2eec3","status":"success","actorEmail":"shibchandan11@gmail.com"}}
{"timestamp":"2026-04-25T00:24:59.506Z","level":"info","message":"audit:admin.update_user","metadata":{"entityType":"user","entityId":"69ec077a5d09c5da64e4826c","status":"success","actorEmail":"shibchandan11@gmail.com"}}
{"timestamp":"2026-04-25T00:25:21.829Z","level":"info","message":"audit:admin.update_user","metadata":{"entityType":"user","entityId":"69ec077a5d09c5da64e4826a","status":"success","actorEmail":"shibchandan11@gmail.com"}}
{"timestamp":"2026-04-25T00:25:27.126Z","level":"info","message":"audit:admin.update_user","metadata":{"entityType":"user","entityId":"69ec078a027dbe10c1e2eec3","status":"success","actorEmail":"shibchandan11@gmail.com"}}
